生成启动时间为 2022/3/6 23:39:45。
     1>项目“D:\编写的程序\2\求1的个数（二进制）\求1的个数（二进制）\求1的个数（二进制）.vcxproj”在节点 2 上(build 个目标)。
     1>InitializeBuildStatus:
         正在创建“Debug\求1的个数（二进制）.unsuccessfulbuild”，因为已指定“AlwaysCreate”。
       ClCompile:
         D:\c++\VC\bin\CL.exe /c /ZI /nologo /W3 /WX- /Od /Oy- /D WIN32 /D _DEBUG /D _WINDOWS /D _UNICODE /D UNICODE /Gm /EHsc /RTC1 /MDd /GS /fp:precise /Zc:wchar_t /Zc:forScope /Fo"Debug\\" /Fd"Debug\vc100.pdb" /Gd /TP /analyze- /errorReport:prompt "求1的个数（二进制）.cpp"
         求1的个数（二进制）.cpp
       ManifestResourceCompile:
         所有输出均为最新。
       Link:
         D:\c++\VC\bin\link.exe /ERRORREPORT:PROMPT /OUT:"D:\编写的程序\2\求1的个数（二进制）\Debug\求1的个数（二进制）.exe" /INCREMENTAL /NOLOGO kernel32.lib user32.lib gdi32.lib winspool.lib comdlg32.lib advapi32.lib shell32.lib ole32.lib oleaut32.lib uuid.lib odbc32.lib odbccp32.lib /MANIFEST /ManifestFile:"Debug\求1的个数（二进制）.exe.intermediate.manifest" /MANIFESTUAC:"level='asInvoker' uiAccess='false'" /DEBUG /PDB:"D:\编写的程序\2\求1的个数（二进制）\Debug\求1的个数（二进制）.pdb" /SUBSYSTEM:CONSOLE /TLBID:1 /DYNAMICBASE /NXCOMPAT /IMPLIB:"D:\编写的程序\2\求1的个数（二进制）\Debug\求1的个数（二进制）.lib" /MACHINE:X86 "Debug\求1的个数（二进制）.exe.embed.manifest.res"
         "Debug\求1的个数（二进制）.obj"
       Manifest:
         C:\Program Files (x86)\Microsoft SDKs\Windows\v7.0A\bin\mt.exe /nologo /verbose /out:"Debug\求1的个数（二进制）.exe.embed.manifest" /manifest "Debug\求1的个数（二进制）.exe.intermediate.manifest"
         所有输出均为最新。
       LinkEmbedManifest:
         所有输出均为最新。
         求1的个数（二进制）.vcxproj -> D:\编写的程序\2\求1的个数（二进制）\Debug\求1的个数（二进制）.exe
       FinalizeBuildStatus:
         正在删除文件“Debug\求1的个数（二进制）.unsuccessfulbuild”。
         正在对“Debug\求1的个数（二进制）.lastbuildstate”执行 Touch 任务。
     1>已完成生成项目“D:\编写的程序\2\求1的个数（二进制）\求1的个数（二进制）\求1的个数（二进制）.vcxproj”(build 个目标)的操作。

生成成功。

已用时间 00:00:01.50
