生成启动时间为 2022/3/7 14:39:10。
     1>项目“D:\编写的程序\2\字符串逆序，递归实现\字符串逆序，递归实现\字符串逆序，递归实现.vcxproj”在节点 2 上(build 个目标)。
     1>InitializeBuildStatus:
         正在创建“Debug\字符串逆序，递归实现.unsuccessfulbuild”，因为已指定“AlwaysCreate”。
       ClCompile:
         D:\c++\VC\bin\CL.exe /c /ZI /nologo /W3 /WX- /Od /Oy- /D WIN32 /D _DEBUG /D _WINDOWS /D _UNICODE /D UNICODE /Gm /EHsc /RTC1 /MDd /GS /fp:precise /Zc:wchar_t /Zc:forScope /Fo"Debug\\" /Fd"Debug\vc100.pdb" /Gd /TP /analyze- /errorReport:prompt "字符串逆序，递归实现.cpp"
         字符串逆序，递归实现.cpp
       ManifestResourceCompile:
         所有输出均为最新。
       Link:
         D:\c++\VC\bin\link.exe /ERRORREPORT:PROMPT /OUT:"D:\编写的程序\2\字符串逆序，递归实现\Debug\字符串逆序，递归实现.exe" /INCREMENTAL /NOLOGO kernel32.lib user32.lib gdi32.lib winspool.lib comdlg32.lib advapi32.lib shell32.lib ole32.lib oleaut32.lib uuid.lib odbc32.lib odbccp32.lib /MANIFEST /ManifestFile:"Debug\字符串逆序，递归实现.exe.intermediate.manifest" /MANIFESTUAC:"level='asInvoker' uiAccess='false'" /DEBUG /PDB:"D:\编写的程序\2\字符串逆序，递归实现\Debug\字符串逆序，递归实现.pdb" /SUBSYSTEM:CONSOLE /TLBID:1 /DYNAMICBASE /NXCOMPAT /IMPLIB:"D:\编写的程序\2\字符串逆序，递归实现\Debug\字符串逆序，递归实现.lib" /MACHINE:X86 "Debug\字符串逆序，递归实现.exe.embed.manifest.res"
         "Debug\字符串逆序，递归实现.obj"
       Manifest:
         C:\Program Files (x86)\Microsoft SDKs\Windows\v7.0A\bin\mt.exe /nologo /verbose /out:"Debug\字符串逆序，递归实现.exe.embed.manifest" /manifest "Debug\字符串逆序，递归实现.exe.intermediate.manifest"
         所有输出均为最新。
       LinkEmbedManifest:
         所有输出均为最新。
         字符串逆序，递归实现.vcxproj -> D:\编写的程序\2\字符串逆序，递归实现\Debug\字符串逆序，递归实现.exe
       FinalizeBuildStatus:
         正在删除文件“Debug\字符串逆序，递归实现.unsuccessfulbuild”。
         正在对“Debug\字符串逆序，递归实现.lastbuildstate”执行 Touch 任务。
     1>已完成生成项目“D:\编写的程序\2\字符串逆序，递归实现\字符串逆序，递归实现\字符串逆序，递归实现.vcxproj”(build 个目标)的操作。

生成成功。

已用时间 00:00:01.13
