生成启动时间为 2022/3/8 16:42:11。
     1>项目“D:\编写的程序\2\求最大公约数.c\求最大公约数.c\求最大公约数.c.vcxproj”在节点 2 上(build 个目标)。
     1>InitializeBuildStatus:
         正在创建“Debug\求最大公约数.c.unsuccessfulbuild”，因为已指定“AlwaysCreate”。
       ClCompile:
         D:\c++\VC\bin\CL.exe /c /ZI /nologo /W3 /WX- /Od /Oy- /D WIN32 /D _DEBUG /D _WINDOWS /D _UNICODE /D UNICODE /Gm /EHsc /RTC1 /MDd /GS /fp:precise /Zc:wchar_t /Zc:forScope /Fo"Debug\\" /Fd"Debug\vc100.pdb" /Gd /TP /analyze- /errorReport:prompt "求最大公约数.cpp"
         求最大公约数.cpp
     1>d:\编写的程序\2\求最大公约数.c\求最大公约数.c\求最大公约数.cpp(16): warning C4996: 'scanf': This function or variable may be unsafe. Consider using scanf_s instead. To disable deprecation, use _CRT_SECURE_NO_WARNINGS. See online help for details.
                 d:\c++\vc\include\stdio.h(304) : 参见“scanf”的声明
       ManifestResourceCompile:
         所有输出均为最新。
       Link:
         D:\c++\VC\bin\link.exe /ERRORREPORT:PROMPT /OUT:"D:\编写的程序\2\求最大公约数.c\Debug\求最大公约数.c.exe" /INCREMENTAL /NOLOGO kernel32.lib user32.lib gdi32.lib winspool.lib comdlg32.lib advapi32.lib shell32.lib ole32.lib oleaut32.lib uuid.lib odbc32.lib odbccp32.lib /MANIFEST /ManifestFile:"Debug\求最大公约数.c.exe.intermediate.manifest" /MANIFESTUAC:"level='asInvoker' uiAccess='false'" /DEBUG /PDB:"D:\编写的程序\2\求最大公约数.c\Debug\求最大公约数.c.pdb" /SUBSYSTEM:CONSOLE /TLBID:1 /DYNAMICBASE /NXCOMPAT /IMPLIB:"D:\编写的程序\2\求最大公约数.c\Debug\求最大公约数.c.lib" /MACHINE:X86 "Debug\求最大公约数.c.exe.embed.manifest.res"
         "Debug\求最大公约数.obj"
       Manifest:
         C:\Program Files (x86)\Microsoft SDKs\Windows\v7.0A\bin\mt.exe /nologo /verbose /out:"Debug\求最大公约数.c.exe.embed.manifest" /manifest "Debug\求最大公约数.c.exe.intermediate.manifest"
         所有输出均为最新。
       LinkEmbedManifest:
         所有输出均为最新。
         求最大公约数.c.vcxproj -> D:\编写的程序\2\求最大公约数.c\Debug\求最大公约数.c.exe
       FinalizeBuildStatus:
         正在删除文件“Debug\求最大公约数.c.unsuccessfulbuild”。
         正在对“Debug\求最大公约数.c.lastbuildstate”执行 Touch 任务。
     1>已完成生成项目“D:\编写的程序\2\求最大公约数.c\求最大公约数.c\求最大公约数.c.vcxproj”(build 个目标)的操作。

生成成功。

已用时间 00:00:01.39
