生成启动时间为 2022/1/19 9:18:36。
     1>项目“D:\编写的程序\2\写一个函数，每调用一次，就将num的值+1.c\写一个函数，每调用一次，就将num的值+1.c\写一个函数，每调用一次，就将num的值+1.c.vcxproj”在节点 2 上(build 个目标)。
     1>InitializeBuildStatus:
         正在创建“Debug\写一个函数，每调用一次，就将num的值+1.c.unsuccessfulbuild”，因为已指定“AlwaysCreate”。
       ClCompile:
         D:\c++\VC\bin\CL.exe /c /ZI /nologo /W3 /WX- /Od /Oy- /D WIN32 /D _DEBUG /D _WINDOWS /D _UNICODE /D UNICODE /Gm /EHsc /RTC1 /MDd /GS /fp:precise /Zc:wchar_t /Zc:forScope /Fo"Debug\\" /Fd"Debug\vc100.pdb" /Gd /TC /analyze- /errorReport:prompt "写一个函数，每调用一次，就将num的值+1.c"
         写一个函数，每调用一次，就将num的值+1.c
     1>d:\编写的程序\2\写一个函数，每调用一次，就将num的值+1.c\写一个函数，每调用一次，就将num的值+1.c\写一个函数，每调用一次，就将num的值+1.c(9): warning C4716: “fun”: 必须返回一个值
       ManifestResourceCompile:
         所有输出均为最新。
       Link:
         D:\c++\VC\bin\link.exe /ERRORREPORT:PROMPT /OUT:"D:\编写的程序\2\写一个函数，每调用一次，就将num的值+1.c\Debug\写一个函数，每调用一次，就将num的值+1.c.exe" /INCREMENTAL /NOLOGO kernel32.lib user32.lib gdi32.lib winspool.lib comdlg32.lib advapi32.lib shell32.lib ole32.lib oleaut32.lib uuid.lib odbc32.lib odbccp32.lib /MANIFEST /ManifestFile:"Debug\写一个函数，每调用一次，就将num的值+1.c.exe.intermediate.manifest" /MANIFESTUAC:"level='asInvoker' uiAccess='false'" /DEBUG /PDB:"D:\编写的程序\2\写一个函数，每调用一次，就将num的值+1.c\Debug\写一个函数，每调用一次，就将num的值+1.c.pdb" /SUBSYSTEM:CONSOLE /TLBID:1 /DYNAMICBASE /NXCOMPAT /IMPLIB:"D:\编写的程序\2\写一个函数，每调用一次，就将num的值+1.c\Debug\写一个函数，每调用一次，就将num的值+1.c.lib" /MACHINE:X86 "Debug\写一个函数，每调用一次，就将num的值+1.c.exe.embed.manifest.res"
         "Debug\写一个函数，每调用一次，就将num的值+1.obj"
       Manifest:
         C:\Program Files (x86)\Microsoft SDKs\Windows\v7.0A\bin\mt.exe /nologo /verbose /out:"Debug\写一个函数，每调用一次，就将num的值+1.c.exe.embed.manifest" /manifest "Debug\写一个函数，每调用一次，就将num的值+1.c.exe.intermediate.manifest"
         所有输出均为最新。
       LinkEmbedManifest:
         所有输出均为最新。
         写一个函数，每调用一次，就将num的值+1.c.vcxproj -> D:\编写的程序\2\写一个函数，每调用一次，就将num的值+1.c\Debug\写一个函数，每调用一次，就将num的值+1.c.exe
       FinalizeBuildStatus:
         正在删除文件“Debug\写一个函数，每调用一次，就将num的值+1.c.unsuccessfulbuild”。
         正在对“Debug\写一个函数，每调用一次，就将num的值+1.c.lastbuildstate”执行 Touch 任务。
     1>已完成生成项目“D:\编写的程序\2\写一个函数，每调用一次，就将num的值+1.c\写一个函数，每调用一次，就将num的值+1.c\写一个函数，每调用一次，就将num的值+1.c.vcxproj”(build 个目标)的操作。

生成成功。

已用时间 00:00:01.62
