生成启动时间为 2022/3/8 23:53:26。
     1>项目“D:\编写的程序\2\关机程序.c\关机程序.c\关机程序.c.vcxproj”在节点 2 上(build 个目标)。
     1>InitializeBuildStatus:
         正在创建“Release\关机程序.c.unsuccessfulbuild”，因为已指定“AlwaysCreate”。
       ClCompile:
         D:\c++\VC\bin\CL.exe /c /Zi /nologo /W3 /WX- /O2 /Oi /Oy- /GL /D WIN32 /D NDEBUG /D _WINDOWS /D _UNICODE /D UNICODE /Gm- /EHsc /MD /GS /Gy /fp:precise /Zc:wchar_t /Zc:forScope /Fo"Release\\" /Fd"Release\vc100.pdb" /Gd /TP /analyze- /errorReport:prompt "关机程序.cpp"
         关机程序.cpp
     1>关机程序.cpp(11): warning C4996: 'scanf': This function or variable may be unsafe. Consider using scanf_s instead. To disable deprecation, use _CRT_SECURE_NO_WARNINGS. See online help for details.
                 D:\c++\VC\include\stdio.h(304) : 参见“scanf”的声明
       Link:
         D:\c++\VC\bin\link.exe /ERRORREPORT:PROMPT /OUT:"D:\编写的程序\2\关机程序.c\Release\关机程序.c.exe" /INCREMENTAL:NO /NOLOGO kernel32.lib user32.lib gdi32.lib winspool.lib comdlg32.lib advapi32.lib shell32.lib ole32.lib oleaut32.lib uuid.lib odbc32.lib odbccp32.lib /MANIFEST /ManifestFile:"Release\关机程序.c.exe.intermediate.manifest" /MANIFESTUAC:"level='asInvoker' uiAccess='false'" /DEBUG /PDB:"D:\编写的程序\2\关机程序.c\Release\关机程序.c.pdb" /SUBSYSTEM:CONSOLE /OPT:REF /OPT:ICF /LTCG /TLBID:1 /DYNAMICBASE /NXCOMPAT /IMPLIB:"D:\编写的程序\2\关机程序.c\Release\关机程序.c.lib" /MACHINE:X86 "Release\关机程序.obj"
         正在生成代码
         已完成代码的生成
         关机程序.c.vcxproj -> D:\编写的程序\2\关机程序.c\Release\关机程序.c.exe
       Manifest:
         C:\Program Files (x86)\Microsoft SDKs\Windows\v7.0A\bin\mt.exe /nologo /verbose /outputresource:"D:\编写的程序\2\关机程序.c\Release\关机程序.c.exe;#1" /manifest "Release\关机程序.c.exe.intermediate.manifest"
       FinalizeBuildStatus:
         正在删除文件“Release\关机程序.c.unsuccessfulbuild”。
         正在对“Release\关机程序.c.lastbuildstate”执行 Touch 任务。
     1>已完成生成项目“D:\编写的程序\2\关机程序.c\关机程序.c\关机程序.c.vcxproj”(build 个目标)的操作。

生成成功。

已用时间 00:00:01.33
