生成启动时间为 2022/1/18 10:19:17。
     1>项目“D:\编写的程序\2\判断闰年（函数法）\判断闰年（函数法）\判断闰年（函数法）.vcxproj”在节点 2 上(build 个目标)。
     1>InitializeBuildStatus:
         正在对“Debug\判断闰年（函数法）.unsuccessfulbuild”执行 Touch 任务。
       ClCompile:
         所有输出均为最新。
         D:\c++\VC\bin\CL.exe /c /ZI /nologo /W3 /WX- /Od /Oy- /D WIN32 /D _DEBUG /D _WINDOWS /D _UNICODE /D UNICODE /Gm /EHsc /RTC1 /MDd /GS /fp:precise /Zc:wchar_t /Zc:forScope /Fo"Debug\\" /Fd"Debug\vc100.pdb" /Gd /TP /analyze- /errorReport:prompt "判断闰年（函数法）.cpp"
         判断闰年（函数法）.cpp
       ManifestResourceCompile:
         所有输出均为最新。
       Link:
         D:\c++\VC\bin\link.exe /ERRORREPORT:PROMPT /OUT:"D:\编写的程序\2\判断闰年（函数法）\Debug\判断闰年（函数法）.exe" /INCREMENTAL /NOLOGO kernel32.lib user32.lib gdi32.lib winspool.lib comdlg32.lib advapi32.lib shell32.lib ole32.lib oleaut32.lib uuid.lib odbc32.lib odbccp32.lib /MANIFEST /ManifestFile:"Debug\判断闰年（函数法）.exe.intermediate.manifest" /MANIFESTUAC:"level='asInvoker' uiAccess='false'" /DEBUG /PDB:"D:\编写的程序\2\判断闰年（函数法）\Debug\判断闰年（函数法）.pdb" /SUBSYSTEM:CONSOLE /TLBID:1 /DYNAMICBASE /NXCOMPAT /IMPLIB:"D:\编写的程序\2\判断闰年（函数法）\Debug\判断闰年（函数法）.lib" /MACHINE:X86 "Debug\判断闰年（函数法）.exe.embed.manifest.res"
         Debug\compare.obj
         "Debug\判断闰年（函数法）.obj"
       Manifest:
         C:\Program Files (x86)\Microsoft SDKs\Windows\v7.0A\bin\mt.exe /nologo /verbose /out:"Debug\判断闰年（函数法）.exe.embed.manifest" /manifest "Debug\判断闰年（函数法）.exe.intermediate.manifest"
         所有输出均为最新。
       LinkEmbedManifest:
         所有输出均为最新。
         判断闰年（函数法）.vcxproj -> D:\编写的程序\2\判断闰年（函数法）\Debug\判断闰年（函数法）.exe
       FinalizeBuildStatus:
         正在删除文件“Debug\判断闰年（函数法）.unsuccessfulbuild”。
         正在对“Debug\判断闰年（函数法）.lastbuildstate”执行 Touch 任务。
     1>已完成生成项目“D:\编写的程序\2\判断闰年（函数法）\判断闰年（函数法）\判断闰年（函数法）.vcxproj”(build 个目标)的操作。

生成成功。

已用时间 00:00:03.02
