生成启动时间为 2022/1/25 19:54:28。
     1>项目“D:\编写的程序\游戏\三子棋\三子棋\三子棋.vcxproj”在节点 2 上(build 个目标)。
     1>InitializeBuildStatus:
         正在创建“Debug\三子棋.unsuccessfulbuild”，因为已指定“AlwaysCreate”。
       ClCompile:
         D:\c++\VC\bin\CL.exe /c /ZI /nologo /W3 /WX- /Od /Oy- /D WIN32 /D _DEBUG /D _WINDOWS /D _UNICODE /D UNICODE /Gm /EHsc /RTC1 /MDd /GS /fp:precise /Zc:wchar_t /Zc:forScope /Fo"Debug\\" /Fd"Debug\vc100.pdb" /Gd /TC /analyze- /errorReport:prompt Game.c "三子棋.c"
         三子棋.c
     1>d:\编写的程序\游戏\三子棋\三子棋\三子棋.c(60): warning C4996: 'scanf': This function or variable may be unsafe. Consider using scanf_s instead. To disable deprecation, use _CRT_SECURE_NO_WARNINGS. See online help for details.
                 d:\c++\vc\include\stdio.h(304) : 参见“scanf”的声明
         Game.c
     1>d:\编写的程序\游戏\三子棋\三子棋\game.c(56): warning C4996: 'scanf': This function or variable may be unsafe. Consider using scanf_s instead. To disable deprecation, use _CRT_SECURE_NO_WARNINGS. See online help for details.
                 d:\c++\vc\include\stdio.h(304) : 参见“scanf”的声明
     1>d:\编写的程序\游戏\三子棋\三子棋\game.c(125): warning C4013: “Full”未定义；假设外部返回 int
         正在生成代码...
       ManifestResourceCompile:
         所有输出均为最新。
       Link:
         D:\c++\VC\bin\link.exe /ERRORREPORT:PROMPT /OUT:"D:\编写的程序\游戏\三子棋\Debug\三子棋.exe" /INCREMENTAL /NOLOGO kernel32.lib user32.lib gdi32.lib winspool.lib comdlg32.lib advapi32.lib shell32.lib ole32.lib oleaut32.lib uuid.lib odbc32.lib odbccp32.lib /MANIFEST /ManifestFile:"Debug\三子棋.exe.intermediate.manifest" /MANIFESTUAC:"level='asInvoker' uiAccess='false'" /DEBUG /PDB:"D:\编写的程序\游戏\三子棋\Debug\三子棋.pdb" /SUBSYSTEM:CONSOLE /TLBID:1 /DYNAMICBASE /NXCOMPAT /IMPLIB:"D:\编写的程序\游戏\三子棋\Debug\三子棋.lib" /MACHINE:X86 "Debug\三子棋.exe.embed.manifest.res"
         Debug\Game.obj
         "Debug\三子棋.obj"
       Manifest:
         C:\Program Files (x86)\Microsoft SDKs\Windows\v7.0A\bin\mt.exe /nologo /verbose /out:"Debug\三子棋.exe.embed.manifest" /manifest "Debug\三子棋.exe.intermediate.manifest"
         所有输出均为最新。
       LinkEmbedManifest:
         所有输出均为最新。
         三子棋.vcxproj -> D:\编写的程序\游戏\三子棋\Debug\三子棋.exe
       FinalizeBuildStatus:
         正在删除文件“Debug\三子棋.unsuccessfulbuild”。
         正在对“Debug\三子棋.lastbuildstate”执行 Touch 任务。
     1>已完成生成项目“D:\编写的程序\游戏\三子棋\三子棋\三子棋.vcxproj”(build 个目标)的操作。

生成成功。

已用时间 00:00:02.90
